{
  "stats": {
    "suites": 1,
    "tests": 7,
    "passes": 6,
    "pending": 0,
    "failures": 1,
    "start": "2026-01-31T22:09:19.007Z",
    "end": "2026-01-31T22:10:19.065Z",
    "duration": 60058,
    "testsRegistered": 7,
    "passPercent": 85.71428571428571,
    "pendingPercent": 0,
    "other": 0,
    "hasOther": false,
    "skipped": 0,
    "hasSkipped": false
  },
  "results": [
    {
      "uuid": "7c61e9ec-31eb-4585-94c5-3dcee330498b",
      "title": "",
      "fullFile": "cypress\\e2e\\portfolio\\portfolio.feature",
      "file": "cypress\\e2e\\portfolio\\portfolio.feature",
      "beforeHooks": [],
      "afterHooks": [],
      "tests": [],
      "suites": [
        {
          "uuid": "851355b2-868e-4b3b-b5b0-1259ec0bf958",
          "title": "Portfolio Management",
          "fullFile": "",
          "file": "",
          "beforeHooks": [],
          "afterHooks": [],
          "tests": [
            {
              "title": "Successfully create a new portfolio with valid data",
              "fullTitle": "Portfolio Management Successfully create a new portfolio with valid data",
              "timedOut": null,
              "duration": 16399,
              "state": "passed",
              "speed": "slow",
              "pass": true,
              "fail": false,
              "pending": false,
              "context": "{\n  \"title\": \"cypress-mochawesome-reporter-videos-passed\",\n  \"value\": \"cypress\\\\e2e\\\\portfolio\\\\portfolio.feature\"\n}",
              "code": "var _a2, _b2, _c2, _d, _e;\n(0, assertions_1.assert)(context.includedPickles[0].id === pickle.id, \"Included pickle stack is unsynchronized\");\nconst { remainingSteps, testCaseStartedId } = retrieveInternalSpecProperties();\ntaskTestCaseStarted(context, {\n  id: testCaseStartedId,\n  testCaseId,\n  attempt: attempt++,\n  timestamp: (0, messages_1.createTimestamp)()\n});\nwindow.testState = {\n  gherkinDocument,\n  pickles,\n  pickle\n};\nconst onAfterStep = (options) => {\n  var _a3, _b3, _c3;\n  const { testStepId, testStepResult } = options;\n  const end = (0, messages_1.createTimestamp)();\n  if (testStepResult.status === messages.TestStepResultStatus.PENDING || testStepResult.status === messages.TestStepResultStatus.SKIPPED) {\n    taskTestStepFinished(context, {\n      testStepId,\n      testCaseStartedId,\n      testStepResult,\n      timestamp: end\n    });\n    remainingSteps.shift();\n    for (const skippedStep of remainingSteps) {\n      const hookIdOrPickleStepId = (0, assertions_1.ensure)((_b3 = (_a3 = skippedStep.hook) === null || _a3 === void 0 ? void 0 : _a3.id) !== null && _b3 !== void 0 ? _b3 : (_c3 = skippedStep.pickleStep) === null || _c3 === void 0 ? void 0 : _c3.id, \"Expected a step to either be a hook or a pickleStep\");\n      const testStepId2 = getTestStepId({\n        context,\n        pickleId: pickle.id,\n        hookIdOrPickleStepId\n      });\n      taskTestStepStarted(context, {\n        testStepId: testStepId2,\n        testCaseStartedId,\n        timestamp: (0, messages_1.createTimestamp)()\n      });\n      taskTestStepFinished(context, {\n        testStepId: testStepId2,\n        testCaseStartedId,\n        testStepResult: {\n          status: messages.TestStepResultStatus.SKIPPED,\n          duration: {\n            seconds: 0,\n            nanos: 0\n          }\n        },\n        timestamp: (0, messages_1.createTimestamp)()\n      });\n    }\n    for (let i = 0, count = remainingSteps.length; i < count; i++) {\n      remainingSteps.pop();\n    }\n    cy.then(() => this.skip());\n  } else {\n    taskTestStepFinished(context, {\n      testStepId,\n      testCaseStartedId,\n      testStepResult,\n      timestamp: (0, messages_1.createTimestamp)()\n    });\n    remainingSteps.shift();\n  }\n};\nfor (const step of steps) {\n  if (step.hook) {\n    const hook = step.hook;\n    const testStepId = getTestStepId({\n      context,\n      pickleId: pickle.id,\n      hookIdOrPickleStepId: hook.id\n    });\n    cy.then(() => {\n      delete window.testState.pickleStep;\n      const start = (0, messages_1.createTimestamp)();\n      internalProperties.currentStepStartedAt = start;\n      taskTestStepStarted(context, {\n        testStepId,\n        testCaseStartedId,\n        timestamp: start\n      });\n      return cy.wrap(start, { log: false });\n    }).then((start) => {\n      const options = {\n        pickle,\n        gherkinDocument,\n        testCaseStartedId\n      };\n      return (0, cypress_1.runStepWithLogGroup)({\n        fn: dryRun ? noopFn : () => registry2.runCaseHook(this, hook, options),\n        keyword: hook.keyword,\n        text: createStepDescription(hook)\n      }).then(convertReturnValueToTestStepResultStatus).then((status) => {\n        return { start, status };\n      });\n    }).then(({ start, status }) => onAfterStep({\n      testStepResult: {\n        status,\n        duration: (0, messages_1.duration)(start, (0, messages_1.createTimestamp)())\n      },\n      testStepId\n    }));\n  } else if (step.pickleStep) {\n    const pickleStep = step.pickleStep;\n    const testStepId = getTestStepId({\n      context,\n      pickleId: pickle.id,\n      hookIdOrPickleStepId: pickleStep.id\n    });\n    const text = (0, assertions_1.ensure)(pickleStep.text, \"Expected pickle step to have a text\");\n    const scenarioStep = (0, assertions_1.ensure)(context.astIdsMap.get((0, assertions_1.ensure)((_a2 = pickleStep.astNodeIds) === null || _a2 === void 0 ? void 0 : _a2[0], \"Expected to find at least one astNodeId\")), `Expected to find scenario step associated with id = ${(_b2 = pickleStep.astNodeIds) === null || _b2 === void 0 ? void 0 : _b2[0]}`);\n    const argument = ((_c2 = pickleStep.argument) === null || _c2 === void 0 ? void 0 : _c2.dataTable) ? new data_table_1.default(pickleStep.argument.dataTable) : ((_e = (_d = pickleStep.argument) === null || _d === void 0 ? void 0 : _d.docString) === null || _e === void 0 ? void 0 : _e.content) ? pickleStep.argument.docString.content : void 0;\n    cy.then(() => {\n      window.testState.pickleStep = step.pickleStep;\n      const start = (0, messages_1.createTimestamp)();\n      internalProperties.currentStep = { pickleStep };\n      internalProperties.currentStepStartedAt = start;\n      taskTestStepStarted(context, {\n        testStepId,\n        testCaseStartedId,\n        timestamp: start\n      });\n      return cy.wrap(start, { log: false });\n    }).then((start) => {\n      const beforeStepHooks = registry2.resolveBeforeStepHooks(tags);\n      const afterStepHooks = registry2.resolveAfterStepHooks(tags);\n      const options = {\n        pickle,\n        pickleStep,\n        gherkinDocument,\n        testCaseStartedId,\n        testStepId\n      };\n      const beforeHooksChain = () => beforeStepHooks.reduce((chain, beforeStepHook) => {\n        return chain.then((results) => {\n          const start2 = (0, messages_1.createTimestamp)();\n          return (0, cypress_1.runStepWithLogGroup)({\n            keyword: \"BeforeStep\",\n            text: createStepDescription(beforeStepHook),\n            fn: dryRun ? noopFn : () => registry2.runStepHook(this, beforeStepHook, options)\n          }).then(convertReturnValueToTestStepResultStatus).then((status) => results.concat({\n            status,\n            duration: (0, messages_1.duration)(start2, (0, messages_1.createTimestamp)())\n          }));\n        });\n      }, cy.wrap([], { log: false }));\n      const afterStepHooksChain = () => afterStepHooks.reduce((chain, afterStepHook) => {\n        return chain.then((results) => {\n          const start2 = (0, messages_1.createTimestamp)();\n          return (0, cypress_1.runStepWithLogGroup)({\n            keyword: \"AfterStep\",\n            text: createStepDescription(afterStepHook),\n            fn: dryRun ? noopFn : () => registry2.runStepHook(this, afterStepHook, options)\n          }).then(convertReturnValueToTestStepResultStatus).then((status) => results.concat({\n            status,\n            duration: (0, messages_1.duration)(start2, (0, messages_1.createTimestamp)())\n          }));\n        });\n      }, cy.wrap([], {\n        log: false\n      }));\n      return beforeHooksChain().then((beforeStepHookResults) => {\n        return (0, cypress_1.runStepWithLogGroup)({\n          keyword: (0, assertions_1.ensure)(\"keyword\" in scenarioStep && scenarioStep.keyword, \"Expected to find a keyword in the scenario step\"),\n          argument,\n          text,\n          fn: () => {\n            var _a3, _b3;\n            try {\n              return registry2.runStepDefinition(this, text, dryRun, argument);\n            } catch (e) {\n              if (e instanceof registry_1.MissingDefinitionError || e instanceof registry_1.MultipleDefinitionsError) {\n                this.test._retries = this.test._currentRetry;\n              }\n              if (e instanceof registry_1.MissingDefinitionError) {\n                let parameterType = null;\n                if ((_a3 = pickleStep.argument) === null || _a3 === void 0 ? void 0 : _a3.dataTable) {\n                  parameterType = \"dataTable\";\n                } else if ((_b3 = pickleStep.argument) === null || _b3 === void 0 ? void 0 : _b3.docString) {\n                  parameterType = \"docString\";\n                }\n                const snippets = new cucumber_expressions_1.CucumberExpressionGenerator(() => context.registry.parameterTypeRegistry.parameterTypes).generateExpressions(pickleStep.text).map((expression) => (0, snippets_1.generateSnippet)(expression, (0, assertions_1.ensure)(pickleStep.type, \"Expected pickleStep to have a type\"), parameterType));\n                return taskSuggestion(context, {\n                  id: context.newId(),\n                  pickleStepId: pickleStep.id,\n                  snippets: snippets.map((code) => {\n                    return {\n                      language: \"javascript\",\n                      code\n                    };\n                  })\n                }).then(() => {\n                  throw new Error(createMissingStepDefinitionMessage(context, pickleStep, snippets));\n                });\n              } else {\n                throw e;\n              }\n            }\n          }\n        }).then(convertReturnValueToTestStepResultStatus).then((status) => {\n          const testStepResult = {\n            status,\n            duration: (0, messages_1.duration)(start, (0, messages_1.createTimestamp)())\n          };\n          return {\n            beforeStepHookResults,\n            testStepResult\n          };\n        });\n      }).then(({ beforeStepHookResults, testStepResult }) => {\n        return afterStepHooksChain().then((afterStepHookResults) => {\n          return messages.getWorstTestStepResult([\n            ...beforeStepHookResults,\n            testStepResult,\n            ...afterStepHookResults\n          ]);\n        });\n      });\n    }).then((testStepResult) => onAfterStep({ testStepResult, testStepId }));\n  }\n}",
              "err": {},
              "uuid": "2506efc2-50a7-48ad-9b45-d6a9dc7d3b3a",
              "parentUUID": "851355b2-868e-4b3b-b5b0-1259ec0bf958",
              "isHook": false,
              "skipped": false
            },
            {
              "title": "Verify dropdown selections work correctly",
              "fullTitle": "Portfolio Management Verify dropdown selections work correctly",
              "timedOut": null,
              "duration": 7151,
              "state": "failed",
              "speed": null,
              "pass": false,
              "fail": true,
              "pending": false,
              "context": "[\n  {\n    \"title\": \"cypress-mochawesome-reporter-videos-failed\",\n    \"value\": \"cypress\\\\e2e\\\\portfolio\\\\portfolio.feature\"\n  },\n  {\n    \"title\": \"cypress-mochawesome-reporter-screenshots\",\n    \"value\": [\n      [\n        \"\\\\portfolio\\\\portfolio.feature\\\\Portfolio Management -- Verify dropdown selections work correctly (failed) (2).png\"\n      ]\n    ]\n  }\n]",
              "code": "var _a2, _b2, _c2, _d, _e;\n(0, assertions_1.assert)(context.includedPickles[0].id === pickle.id, \"Included pickle stack is unsynchronized\");\nconst { remainingSteps, testCaseStartedId } = retrieveInternalSpecProperties();\ntaskTestCaseStarted(context, {\n  id: testCaseStartedId,\n  testCaseId,\n  attempt: attempt++,\n  timestamp: (0, messages_1.createTimestamp)()\n});\nwindow.testState = {\n  gherkinDocument,\n  pickles,\n  pickle\n};\nconst onAfterStep = (options) => {\n  var _a3, _b3, _c3;\n  const { testStepId, testStepResult } = options;\n  const end = (0, messages_1.createTimestamp)();\n  if (testStepResult.status === messages.TestStepResultStatus.PENDING || testStepResult.status === messages.TestStepResultStatus.SKIPPED) {\n    taskTestStepFinished(context, {\n      testStepId,\n      testCaseStartedId,\n      testStepResult,\n      timestamp: end\n    });\n    remainingSteps.shift();\n    for (const skippedStep of remainingSteps) {\n      const hookIdOrPickleStepId = (0, assertions_1.ensure)((_b3 = (_a3 = skippedStep.hook) === null || _a3 === void 0 ? void 0 : _a3.id) !== null && _b3 !== void 0 ? _b3 : (_c3 = skippedStep.pickleStep) === null || _c3 === void 0 ? void 0 : _c3.id, \"Expected a step to either be a hook or a pickleStep\");\n      const testStepId2 = getTestStepId({\n        context,\n        pickleId: pickle.id,\n        hookIdOrPickleStepId\n      });\n      taskTestStepStarted(context, {\n        testStepId: testStepId2,\n        testCaseStartedId,\n        timestamp: (0, messages_1.createTimestamp)()\n      });\n      taskTestStepFinished(context, {\n        testStepId: testStepId2,\n        testCaseStartedId,\n        testStepResult: {\n          status: messages.TestStepResultStatus.SKIPPED,\n          duration: {\n            seconds: 0,\n            nanos: 0\n          }\n        },\n        timestamp: (0, messages_1.createTimestamp)()\n      });\n    }\n    for (let i = 0, count = remainingSteps.length; i < count; i++) {\n      remainingSteps.pop();\n    }\n    cy.then(() => this.skip());\n  } else {\n    taskTestStepFinished(context, {\n      testStepId,\n      testCaseStartedId,\n      testStepResult,\n      timestamp: (0, messages_1.createTimestamp)()\n    });\n    remainingSteps.shift();\n  }\n};\nfor (const step of steps) {\n  if (step.hook) {\n    const hook = step.hook;\n    const testStepId = getTestStepId({\n      context,\n      pickleId: pickle.id,\n      hookIdOrPickleStepId: hook.id\n    });\n    cy.then(() => {\n      delete window.testState.pickleStep;\n      const start = (0, messages_1.createTimestamp)();\n      internalProperties.currentStepStartedAt = start;\n      taskTestStepStarted(context, {\n        testStepId,\n        testCaseStartedId,\n        timestamp: start\n      });\n      return cy.wrap(start, { log: false });\n    }).then((start) => {\n      const options = {\n        pickle,\n        gherkinDocument,\n        testCaseStartedId\n      };\n      return (0, cypress_1.runStepWithLogGroup)({\n        fn: dryRun ? noopFn : () => registry2.runCaseHook(this, hook, options),\n        keyword: hook.keyword,\n        text: createStepDescription(hook)\n      }).then(convertReturnValueToTestStepResultStatus).then((status) => {\n        return { start, status };\n      });\n    }).then(({ start, status }) => onAfterStep({\n      testStepResult: {\n        status,\n        duration: (0, messages_1.duration)(start, (0, messages_1.createTimestamp)())\n      },\n      testStepId\n    }));\n  } else if (step.pickleStep) {\n    const pickleStep = step.pickleStep;\n    const testStepId = getTestStepId({\n      context,\n      pickleId: pickle.id,\n      hookIdOrPickleStepId: pickleStep.id\n    });\n    const text = (0, assertions_1.ensure)(pickleStep.text, \"Expected pickle step to have a text\");\n    const scenarioStep = (0, assertions_1.ensure)(context.astIdsMap.get((0, assertions_1.ensure)((_a2 = pickleStep.astNodeIds) === null || _a2 === void 0 ? void 0 : _a2[0], \"Expected to find at least one astNodeId\")), `Expected to find scenario step associated with id = ${(_b2 = pickleStep.astNodeIds) === null || _b2 === void 0 ? void 0 : _b2[0]}`);\n    const argument = ((_c2 = pickleStep.argument) === null || _c2 === void 0 ? void 0 : _c2.dataTable) ? new data_table_1.default(pickleStep.argument.dataTable) : ((_e = (_d = pickleStep.argument) === null || _d === void 0 ? void 0 : _d.docString) === null || _e === void 0 ? void 0 : _e.content) ? pickleStep.argument.docString.content : void 0;\n    cy.then(() => {\n      window.testState.pickleStep = step.pickleStep;\n      const start = (0, messages_1.createTimestamp)();\n      internalProperties.currentStep = { pickleStep };\n      internalProperties.currentStepStartedAt = start;\n      taskTestStepStarted(context, {\n        testStepId,\n        testCaseStartedId,\n        timestamp: start\n      });\n      return cy.wrap(start, { log: false });\n    }).then((start) => {\n      const beforeStepHooks = registry2.resolveBeforeStepHooks(tags);\n      const afterStepHooks = registry2.resolveAfterStepHooks(tags);\n      const options = {\n        pickle,\n        pickleStep,\n        gherkinDocument,\n        testCaseStartedId,\n        testStepId\n      };\n      const beforeHooksChain = () => beforeStepHooks.reduce((chain, beforeStepHook) => {\n        return chain.then((results) => {\n          const start2 = (0, messages_1.createTimestamp)();\n          return (0, cypress_1.runStepWithLogGroup)({\n            keyword: \"BeforeStep\",\n            text: createStepDescription(beforeStepHook),\n            fn: dryRun ? noopFn : () => registry2.runStepHook(this, beforeStepHook, options)\n          }).then(convertReturnValueToTestStepResultStatus).then((status) => results.concat({\n            status,\n            duration: (0, messages_1.duration)(start2, (0, messages_1.createTimestamp)())\n          }));\n        });\n      }, cy.wrap([], { log: false }));\n      const afterStepHooksChain = () => afterStepHooks.reduce((chain, afterStepHook) => {\n        return chain.then((results) => {\n          const start2 = (0, messages_1.createTimestamp)();\n          return (0, cypress_1.runStepWithLogGroup)({\n            keyword: \"AfterStep\",\n            text: createStepDescription(afterStepHook),\n            fn: dryRun ? noopFn : () => registry2.runStepHook(this, afterStepHook, options)\n          }).then(convertReturnValueToTestStepResultStatus).then((status) => results.concat({\n            status,\n            duration: (0, messages_1.duration)(start2, (0, messages_1.createTimestamp)())\n          }));\n        });\n      }, cy.wrap([], {\n        log: false\n      }));\n      return beforeHooksChain().then((beforeStepHookResults) => {\n        return (0, cypress_1.runStepWithLogGroup)({\n          keyword: (0, assertions_1.ensure)(\"keyword\" in scenarioStep && scenarioStep.keyword, \"Expected to find a keyword in the scenario step\"),\n          argument,\n          text,\n          fn: () => {\n            var _a3, _b3;\n            try {\n              return registry2.runStepDefinition(this, text, dryRun, argument);\n            } catch (e) {\n              if (e instanceof registry_1.MissingDefinitionError || e instanceof registry_1.MultipleDefinitionsError) {\n                this.test._retries = this.test._currentRetry;\n              }\n              if (e instanceof registry_1.MissingDefinitionError) {\n                let parameterType = null;\n                if ((_a3 = pickleStep.argument) === null || _a3 === void 0 ? void 0 : _a3.dataTable) {\n                  parameterType = \"dataTable\";\n                } else if ((_b3 = pickleStep.argument) === null || _b3 === void 0 ? void 0 : _b3.docString) {\n                  parameterType = \"docString\";\n                }\n                const snippets = new cucumber_expressions_1.CucumberExpressionGenerator(() => context.registry.parameterTypeRegistry.parameterTypes).generateExpressions(pickleStep.text).map((expression) => (0, snippets_1.generateSnippet)(expression, (0, assertions_1.ensure)(pickleStep.type, \"Expected pickleStep to have a type\"), parameterType));\n                return taskSuggestion(context, {\n                  id: context.newId(),\n                  pickleStepId: pickleStep.id,\n                  snippets: snippets.map((code) => {\n                    return {\n                      language: \"javascript\",\n                      code\n                    };\n                  })\n                }).then(() => {\n                  throw new Error(createMissingStepDefinitionMessage(context, pickleStep, snippets));\n                });\n              } else {\n                throw e;\n              }\n            }\n          }\n        }).then(convertReturnValueToTestStepResultStatus).then((status) => {\n          const testStepResult = {\n            status,\n            duration: (0, messages_1.duration)(start, (0, messages_1.createTimestamp)())\n          };\n          return {\n            beforeStepHookResults,\n            testStepResult\n          };\n        });\n      }).then(({ beforeStepHookResults, testStepResult }) => {\n        return afterStepHooksChain().then((afterStepHookResults) => {\n          return messages.getWorstTestStepResult([\n            ...beforeStepHookResults,\n            testStepResult,\n            ...afterStepHookResults\n          ]);\n        });\n      });\n    }).then((testStepResult) => onAfterStep({ testStepResult, testStepId }));\n  }\n}",
              "err": {
                "message": "Error: Multiple matching step definitions for: the industry should be selected\n the industry should be selected\n the industry should be selected",
                "estack": "Error: Multiple matching step definitions for: the industry should be selected\n the industry should be selected\n the industry should be selected\n    at Registry.resolveStepDefinition (http://localhost:5173/__cypress/tests?p=cypress\\e2e\\portfolio\\portfolio.feature:9447:19)\n    at Registry.runStepDefinition (http://localhost:5173/__cypress/tests?p=cypress\\e2e\\portfolio\\portfolio.feature:9462:39)\n    at Object.fn (http://localhost:5173/__cypress/tests?p=cypress\\e2e\\portfolio\\portfolio.feature:15973:42)\n    at runStepWithLogGroup (http://localhost:5173/__cypress/tests?p=cypress\\e2e\\portfolio\\portfolio.feature:14932:29)\n    at Context.eval (http://localhost:5173/__cypress/tests?p=cypress\\e2e\\portfolio\\portfolio.feature:15966:60)",
                "diff": null
              },
              "uuid": "49840782-8a10-4c40-ad52-2c9d7d46fe88",
              "parentUUID": "851355b2-868e-4b3b-b5b0-1259ec0bf958",
              "isHook": false,
              "skipped": false
            },
            {
              "title": "User can access portfolio menu successfully",
              "fullTitle": "Portfolio Management User can access portfolio menu successfully",
              "timedOut": null,
              "duration": 6562,
              "state": "passed",
              "speed": "medium",
              "pass": true,
              "fail": false,
              "pending": false,
              "context": "{\n  \"title\": \"cypress-mochawesome-reporter-videos-passed\",\n  \"value\": \"cypress\\\\e2e\\\\portfolio\\\\portfolio.feature\"\n}",
              "code": "var _a2, _b2, _c2, _d, _e;\n(0, assertions_1.assert)(context.includedPickles[0].id === pickle.id, \"Included pickle stack is unsynchronized\");\nconst { remainingSteps, testCaseStartedId } = retrieveInternalSpecProperties();\ntaskTestCaseStarted(context, {\n  id: testCaseStartedId,\n  testCaseId,\n  attempt: attempt++,\n  timestamp: (0, messages_1.createTimestamp)()\n});\nwindow.testState = {\n  gherkinDocument,\n  pickles,\n  pickle\n};\nconst onAfterStep = (options) => {\n  var _a3, _b3, _c3;\n  const { testStepId, testStepResult } = options;\n  const end = (0, messages_1.createTimestamp)();\n  if (testStepResult.status === messages.TestStepResultStatus.PENDING || testStepResult.status === messages.TestStepResultStatus.SKIPPED) {\n    taskTestStepFinished(context, {\n      testStepId,\n      testCaseStartedId,\n      testStepResult,\n      timestamp: end\n    });\n    remainingSteps.shift();\n    for (const skippedStep of remainingSteps) {\n      const hookIdOrPickleStepId = (0, assertions_1.ensure)((_b3 = (_a3 = skippedStep.hook) === null || _a3 === void 0 ? void 0 : _a3.id) !== null && _b3 !== void 0 ? _b3 : (_c3 = skippedStep.pickleStep) === null || _c3 === void 0 ? void 0 : _c3.id, \"Expected a step to either be a hook or a pickleStep\");\n      const testStepId2 = getTestStepId({\n        context,\n        pickleId: pickle.id,\n        hookIdOrPickleStepId\n      });\n      taskTestStepStarted(context, {\n        testStepId: testStepId2,\n        testCaseStartedId,\n        timestamp: (0, messages_1.createTimestamp)()\n      });\n      taskTestStepFinished(context, {\n        testStepId: testStepId2,\n        testCaseStartedId,\n        testStepResult: {\n          status: messages.TestStepResultStatus.SKIPPED,\n          duration: {\n            seconds: 0,\n            nanos: 0\n          }\n        },\n        timestamp: (0, messages_1.createTimestamp)()\n      });\n    }\n    for (let i = 0, count = remainingSteps.length; i < count; i++) {\n      remainingSteps.pop();\n    }\n    cy.then(() => this.skip());\n  } else {\n    taskTestStepFinished(context, {\n      testStepId,\n      testCaseStartedId,\n      testStepResult,\n      timestamp: (0, messages_1.createTimestamp)()\n    });\n    remainingSteps.shift();\n  }\n};\nfor (const step of steps) {\n  if (step.hook) {\n    const hook = step.hook;\n    const testStepId = getTestStepId({\n      context,\n      pickleId: pickle.id,\n      hookIdOrPickleStepId: hook.id\n    });\n    cy.then(() => {\n      delete window.testState.pickleStep;\n      const start = (0, messages_1.createTimestamp)();\n      internalProperties.currentStepStartedAt = start;\n      taskTestStepStarted(context, {\n        testStepId,\n        testCaseStartedId,\n        timestamp: start\n      });\n      return cy.wrap(start, { log: false });\n    }).then((start) => {\n      const options = {\n        pickle,\n        gherkinDocument,\n        testCaseStartedId\n      };\n      return (0, cypress_1.runStepWithLogGroup)({\n        fn: dryRun ? noopFn : () => registry2.runCaseHook(this, hook, options),\n        keyword: hook.keyword,\n        text: createStepDescription(hook)\n      }).then(convertReturnValueToTestStepResultStatus).then((status) => {\n        return { start, status };\n      });\n    }).then(({ start, status }) => onAfterStep({\n      testStepResult: {\n        status,\n        duration: (0, messages_1.duration)(start, (0, messages_1.createTimestamp)())\n      },\n      testStepId\n    }));\n  } else if (step.pickleStep) {\n    const pickleStep = step.pickleStep;\n    const testStepId = getTestStepId({\n      context,\n      pickleId: pickle.id,\n      hookIdOrPickleStepId: pickleStep.id\n    });\n    const text = (0, assertions_1.ensure)(pickleStep.text, \"Expected pickle step to have a text\");\n    const scenarioStep = (0, assertions_1.ensure)(context.astIdsMap.get((0, assertions_1.ensure)((_a2 = pickleStep.astNodeIds) === null || _a2 === void 0 ? void 0 : _a2[0], \"Expected to find at least one astNodeId\")), `Expected to find scenario step associated with id = ${(_b2 = pickleStep.astNodeIds) === null || _b2 === void 0 ? void 0 : _b2[0]}`);\n    const argument = ((_c2 = pickleStep.argument) === null || _c2 === void 0 ? void 0 : _c2.dataTable) ? new data_table_1.default(pickleStep.argument.dataTable) : ((_e = (_d = pickleStep.argument) === null || _d === void 0 ? void 0 : _d.docString) === null || _e === void 0 ? void 0 : _e.content) ? pickleStep.argument.docString.content : void 0;\n    cy.then(() => {\n      window.testState.pickleStep = step.pickleStep;\n      const start = (0, messages_1.createTimestamp)();\n      internalProperties.currentStep = { pickleStep };\n      internalProperties.currentStepStartedAt = start;\n      taskTestStepStarted(context, {\n        testStepId,\n        testCaseStartedId,\n        timestamp: start\n      });\n      return cy.wrap(start, { log: false });\n    }).then((start) => {\n      const beforeStepHooks = registry2.resolveBeforeStepHooks(tags);\n      const afterStepHooks = registry2.resolveAfterStepHooks(tags);\n      const options = {\n        pickle,\n        pickleStep,\n        gherkinDocument,\n        testCaseStartedId,\n        testStepId\n      };\n      const beforeHooksChain = () => beforeStepHooks.reduce((chain, beforeStepHook) => {\n        return chain.then((results) => {\n          const start2 = (0, messages_1.createTimestamp)();\n          return (0, cypress_1.runStepWithLogGroup)({\n            keyword: \"BeforeStep\",\n            text: createStepDescription(beforeStepHook),\n            fn: dryRun ? noopFn : () => registry2.runStepHook(this, beforeStepHook, options)\n          }).then(convertReturnValueToTestStepResultStatus).then((status) => results.concat({\n            status,\n            duration: (0, messages_1.duration)(start2, (0, messages_1.createTimestamp)())\n          }));\n        });\n      }, cy.wrap([], { log: false }));\n      const afterStepHooksChain = () => afterStepHooks.reduce((chain, afterStepHook) => {\n        return chain.then((results) => {\n          const start2 = (0, messages_1.createTimestamp)();\n          return (0, cypress_1.runStepWithLogGroup)({\n            keyword: \"AfterStep\",\n            text: createStepDescription(afterStepHook),\n            fn: dryRun ? noopFn : () => registry2.runStepHook(this, afterStepHook, options)\n          }).then(convertReturnValueToTestStepResultStatus).then((status) => results.concat({\n            status,\n            duration: (0, messages_1.duration)(start2, (0, messages_1.createTimestamp)())\n          }));\n        });\n      }, cy.wrap([], {\n        log: false\n      }));\n      return beforeHooksChain().then((beforeStepHookResults) => {\n        return (0, cypress_1.runStepWithLogGroup)({\n          keyword: (0, assertions_1.ensure)(\"keyword\" in scenarioStep && scenarioStep.keyword, \"Expected to find a keyword in the scenario step\"),\n          argument,\n          text,\n          fn: () => {\n            var _a3, _b3;\n            try {\n              return registry2.runStepDefinition(this, text, dryRun, argument);\n            } catch (e) {\n              if (e instanceof registry_1.MissingDefinitionError || e instanceof registry_1.MultipleDefinitionsError) {\n                this.test._retries = this.test._currentRetry;\n              }\n              if (e instanceof registry_1.MissingDefinitionError) {\n                let parameterType = null;\n                if ((_a3 = pickleStep.argument) === null || _a3 === void 0 ? void 0 : _a3.dataTable) {\n                  parameterType = \"dataTable\";\n                } else if ((_b3 = pickleStep.argument) === null || _b3 === void 0 ? void 0 : _b3.docString) {\n                  parameterType = \"docString\";\n                }\n                const snippets = new cucumber_expressions_1.CucumberExpressionGenerator(() => context.registry.parameterTypeRegistry.parameterTypes).generateExpressions(pickleStep.text).map((expression) => (0, snippets_1.generateSnippet)(expression, (0, assertions_1.ensure)(pickleStep.type, \"Expected pickleStep to have a type\"), parameterType));\n                return taskSuggestion(context, {\n                  id: context.newId(),\n                  pickleStepId: pickleStep.id,\n                  snippets: snippets.map((code) => {\n                    return {\n                      language: \"javascript\",\n                      code\n                    };\n                  })\n                }).then(() => {\n                  throw new Error(createMissingStepDefinitionMessage(context, pickleStep, snippets));\n                });\n              } else {\n                throw e;\n              }\n            }\n          }\n        }).then(convertReturnValueToTestStepResultStatus).then((status) => {\n          const testStepResult = {\n            status,\n            duration: (0, messages_1.duration)(start, (0, messages_1.createTimestamp)())\n          };\n          return {\n            beforeStepHookResults,\n            testStepResult\n          };\n        });\n      }).then(({ beforeStepHookResults, testStepResult }) => {\n        return afterStepHooksChain().then((afterStepHookResults) => {\n          return messages.getWorstTestStepResult([\n            ...beforeStepHookResults,\n            testStepResult,\n            ...afterStepHookResults\n          ]);\n        });\n      });\n    }).then((testStepResult) => onAfterStep({ testStepResult, testStepId }));\n  }\n}",
              "err": {},
              "uuid": "a2e69120-5c81-452c-bc6a-1bd708b4889a",
              "parentUUID": "851355b2-868e-4b3b-b5b0-1259ec0bf958",
              "isHook": false,
              "skipped": false
            },
            {
              "title": "Portfolio menu is accessible and functional",
              "fullTitle": "Portfolio Management Portfolio menu is accessible and functional",
              "timedOut": null,
              "duration": 6610,
              "state": "passed",
              "speed": "medium",
              "pass": true,
              "fail": false,
              "pending": false,
              "context": "{\n  \"title\": \"cypress-mochawesome-reporter-videos-passed\",\n  \"value\": \"cypress\\\\e2e\\\\portfolio\\\\portfolio.feature\"\n}",
              "code": "var _a2, _b2, _c2, _d, _e;\n(0, assertions_1.assert)(context.includedPickles[0].id === pickle.id, \"Included pickle stack is unsynchronized\");\nconst { remainingSteps, testCaseStartedId } = retrieveInternalSpecProperties();\ntaskTestCaseStarted(context, {\n  id: testCaseStartedId,\n  testCaseId,\n  attempt: attempt++,\n  timestamp: (0, messages_1.createTimestamp)()\n});\nwindow.testState = {\n  gherkinDocument,\n  pickles,\n  pickle\n};\nconst onAfterStep = (options) => {\n  var _a3, _b3, _c3;\n  const { testStepId, testStepResult } = options;\n  const end = (0, messages_1.createTimestamp)();\n  if (testStepResult.status === messages.TestStepResultStatus.PENDING || testStepResult.status === messages.TestStepResultStatus.SKIPPED) {\n    taskTestStepFinished(context, {\n      testStepId,\n      testCaseStartedId,\n      testStepResult,\n      timestamp: end\n    });\n    remainingSteps.shift();\n    for (const skippedStep of remainingSteps) {\n      const hookIdOrPickleStepId = (0, assertions_1.ensure)((_b3 = (_a3 = skippedStep.hook) === null || _a3 === void 0 ? void 0 : _a3.id) !== null && _b3 !== void 0 ? _b3 : (_c3 = skippedStep.pickleStep) === null || _c3 === void 0 ? void 0 : _c3.id, \"Expected a step to either be a hook or a pickleStep\");\n      const testStepId2 = getTestStepId({\n        context,\n        pickleId: pickle.id,\n        hookIdOrPickleStepId\n      });\n      taskTestStepStarted(context, {\n        testStepId: testStepId2,\n        testCaseStartedId,\n        timestamp: (0, messages_1.createTimestamp)()\n      });\n      taskTestStepFinished(context, {\n        testStepId: testStepId2,\n        testCaseStartedId,\n        testStepResult: {\n          status: messages.TestStepResultStatus.SKIPPED,\n          duration: {\n            seconds: 0,\n            nanos: 0\n          }\n        },\n        timestamp: (0, messages_1.createTimestamp)()\n      });\n    }\n    for (let i = 0, count = remainingSteps.length; i < count; i++) {\n      remainingSteps.pop();\n    }\n    cy.then(() => this.skip());\n  } else {\n    taskTestStepFinished(context, {\n      testStepId,\n      testCaseStartedId,\n      testStepResult,\n      timestamp: (0, messages_1.createTimestamp)()\n    });\n    remainingSteps.shift();\n  }\n};\nfor (const step of steps) {\n  if (step.hook) {\n    const hook = step.hook;\n    const testStepId = getTestStepId({\n      context,\n      pickleId: pickle.id,\n      hookIdOrPickleStepId: hook.id\n    });\n    cy.then(() => {\n      delete window.testState.pickleStep;\n      const start = (0, messages_1.createTimestamp)();\n      internalProperties.currentStepStartedAt = start;\n      taskTestStepStarted(context, {\n        testStepId,\n        testCaseStartedId,\n        timestamp: start\n      });\n      return cy.wrap(start, { log: false });\n    }).then((start) => {\n      const options = {\n        pickle,\n        gherkinDocument,\n        testCaseStartedId\n      };\n      return (0, cypress_1.runStepWithLogGroup)({\n        fn: dryRun ? noopFn : () => registry2.runCaseHook(this, hook, options),\n        keyword: hook.keyword,\n        text: createStepDescription(hook)\n      }).then(convertReturnValueToTestStepResultStatus).then((status) => {\n        return { start, status };\n      });\n    }).then(({ start, status }) => onAfterStep({\n      testStepResult: {\n        status,\n        duration: (0, messages_1.duration)(start, (0, messages_1.createTimestamp)())\n      },\n      testStepId\n    }));\n  } else if (step.pickleStep) {\n    const pickleStep = step.pickleStep;\n    const testStepId = getTestStepId({\n      context,\n      pickleId: pickle.id,\n      hookIdOrPickleStepId: pickleStep.id\n    });\n    const text = (0, assertions_1.ensure)(pickleStep.text, \"Expected pickle step to have a text\");\n    const scenarioStep = (0, assertions_1.ensure)(context.astIdsMap.get((0, assertions_1.ensure)((_a2 = pickleStep.astNodeIds) === null || _a2 === void 0 ? void 0 : _a2[0], \"Expected to find at least one astNodeId\")), `Expected to find scenario step associated with id = ${(_b2 = pickleStep.astNodeIds) === null || _b2 === void 0 ? void 0 : _b2[0]}`);\n    const argument = ((_c2 = pickleStep.argument) === null || _c2 === void 0 ? void 0 : _c2.dataTable) ? new data_table_1.default(pickleStep.argument.dataTable) : ((_e = (_d = pickleStep.argument) === null || _d === void 0 ? void 0 : _d.docString) === null || _e === void 0 ? void 0 : _e.content) ? pickleStep.argument.docString.content : void 0;\n    cy.then(() => {\n      window.testState.pickleStep = step.pickleStep;\n      const start = (0, messages_1.createTimestamp)();\n      internalProperties.currentStep = { pickleStep };\n      internalProperties.currentStepStartedAt = start;\n      taskTestStepStarted(context, {\n        testStepId,\n        testCaseStartedId,\n        timestamp: start\n      });\n      return cy.wrap(start, { log: false });\n    }).then((start) => {\n      const beforeStepHooks = registry2.resolveBeforeStepHooks(tags);\n      const afterStepHooks = registry2.resolveAfterStepHooks(tags);\n      const options = {\n        pickle,\n        pickleStep,\n        gherkinDocument,\n        testCaseStartedId,\n        testStepId\n      };\n      const beforeHooksChain = () => beforeStepHooks.reduce((chain, beforeStepHook) => {\n        return chain.then((results) => {\n          const start2 = (0, messages_1.createTimestamp)();\n          return (0, cypress_1.runStepWithLogGroup)({\n            keyword: \"BeforeStep\",\n            text: createStepDescription(beforeStepHook),\n            fn: dryRun ? noopFn : () => registry2.runStepHook(this, beforeStepHook, options)\n          }).then(convertReturnValueToTestStepResultStatus).then((status) => results.concat({\n            status,\n            duration: (0, messages_1.duration)(start2, (0, messages_1.createTimestamp)())\n          }));\n        });\n      }, cy.wrap([], { log: false }));\n      const afterStepHooksChain = () => afterStepHooks.reduce((chain, afterStepHook) => {\n        return chain.then((results) => {\n          const start2 = (0, messages_1.createTimestamp)();\n          return (0, cypress_1.runStepWithLogGroup)({\n            keyword: \"AfterStep\",\n            text: createStepDescription(afterStepHook),\n            fn: dryRun ? noopFn : () => registry2.runStepHook(this, afterStepHook, options)\n          }).then(convertReturnValueToTestStepResultStatus).then((status) => results.concat({\n            status,\n            duration: (0, messages_1.duration)(start2, (0, messages_1.createTimestamp)())\n          }));\n        });\n      }, cy.wrap([], {\n        log: false\n      }));\n      return beforeHooksChain().then((beforeStepHookResults) => {\n        return (0, cypress_1.runStepWithLogGroup)({\n          keyword: (0, assertions_1.ensure)(\"keyword\" in scenarioStep && scenarioStep.keyword, \"Expected to find a keyword in the scenario step\"),\n          argument,\n          text,\n          fn: () => {\n            var _a3, _b3;\n            try {\n              return registry2.runStepDefinition(this, text, dryRun, argument);\n            } catch (e) {\n              if (e instanceof registry_1.MissingDefinitionError || e instanceof registry_1.MultipleDefinitionsError) {\n                this.test._retries = this.test._currentRetry;\n              }\n              if (e instanceof registry_1.MissingDefinitionError) {\n                let parameterType = null;\n                if ((_a3 = pickleStep.argument) === null || _a3 === void 0 ? void 0 : _a3.dataTable) {\n                  parameterType = \"dataTable\";\n                } else if ((_b3 = pickleStep.argument) === null || _b3 === void 0 ? void 0 : _b3.docString) {\n                  parameterType = \"docString\";\n                }\n                const snippets = new cucumber_expressions_1.CucumberExpressionGenerator(() => context.registry.parameterTypeRegistry.parameterTypes).generateExpressions(pickleStep.text).map((expression) => (0, snippets_1.generateSnippet)(expression, (0, assertions_1.ensure)(pickleStep.type, \"Expected pickleStep to have a type\"), parameterType));\n                return taskSuggestion(context, {\n                  id: context.newId(),\n                  pickleStepId: pickleStep.id,\n                  snippets: snippets.map((code) => {\n                    return {\n                      language: \"javascript\",\n                      code\n                    };\n                  })\n                }).then(() => {\n                  throw new Error(createMissingStepDefinitionMessage(context, pickleStep, snippets));\n                });\n              } else {\n                throw e;\n              }\n            }\n          }\n        }).then(convertReturnValueToTestStepResultStatus).then((status) => {\n          const testStepResult = {\n            status,\n            duration: (0, messages_1.duration)(start, (0, messages_1.createTimestamp)())\n          };\n          return {\n            beforeStepHookResults,\n            testStepResult\n          };\n        });\n      }).then(({ beforeStepHookResults, testStepResult }) => {\n        return afterStepHooksChain().then((afterStepHookResults) => {\n          return messages.getWorstTestStepResult([\n            ...beforeStepHookResults,\n            testStepResult,\n            ...afterStepHookResults\n          ]);\n        });\n      });\n    }).then((testStepResult) => onAfterStep({ testStepResult, testStepId }));\n  }\n}",
              "err": {},
              "uuid": "0644d16f-2dbc-4e8b-a5f4-c28286790746",
              "parentUUID": "851355b2-868e-4b3b-b5b0-1259ec0bf958",
              "isHook": false,
              "skipped": false
            },
            {
              "title": "New portfolio form displays correctly",
              "fullTitle": "Portfolio Management New portfolio form displays correctly",
              "timedOut": null,
              "duration": 6462,
              "state": "passed",
              "speed": "medium",
              "pass": true,
              "fail": false,
              "pending": false,
              "context": "{\n  \"title\": \"cypress-mochawesome-reporter-videos-passed\",\n  \"value\": \"cypress\\\\e2e\\\\portfolio\\\\portfolio.feature\"\n}",
              "code": "var _a2, _b2, _c2, _d, _e;\n(0, assertions_1.assert)(context.includedPickles[0].id === pickle.id, \"Included pickle stack is unsynchronized\");\nconst { remainingSteps, testCaseStartedId } = retrieveInternalSpecProperties();\ntaskTestCaseStarted(context, {\n  id: testCaseStartedId,\n  testCaseId,\n  attempt: attempt++,\n  timestamp: (0, messages_1.createTimestamp)()\n});\nwindow.testState = {\n  gherkinDocument,\n  pickles,\n  pickle\n};\nconst onAfterStep = (options) => {\n  var _a3, _b3, _c3;\n  const { testStepId, testStepResult } = options;\n  const end = (0, messages_1.createTimestamp)();\n  if (testStepResult.status === messages.TestStepResultStatus.PENDING || testStepResult.status === messages.TestStepResultStatus.SKIPPED) {\n    taskTestStepFinished(context, {\n      testStepId,\n      testCaseStartedId,\n      testStepResult,\n      timestamp: end\n    });\n    remainingSteps.shift();\n    for (const skippedStep of remainingSteps) {\n      const hookIdOrPickleStepId = (0, assertions_1.ensure)((_b3 = (_a3 = skippedStep.hook) === null || _a3 === void 0 ? void 0 : _a3.id) !== null && _b3 !== void 0 ? _b3 : (_c3 = skippedStep.pickleStep) === null || _c3 === void 0 ? void 0 : _c3.id, \"Expected a step to either be a hook or a pickleStep\");\n      const testStepId2 = getTestStepId({\n        context,\n        pickleId: pickle.id,\n        hookIdOrPickleStepId\n      });\n      taskTestStepStarted(context, {\n        testStepId: testStepId2,\n        testCaseStartedId,\n        timestamp: (0, messages_1.createTimestamp)()\n      });\n      taskTestStepFinished(context, {\n        testStepId: testStepId2,\n        testCaseStartedId,\n        testStepResult: {\n          status: messages.TestStepResultStatus.SKIPPED,\n          duration: {\n            seconds: 0,\n            nanos: 0\n          }\n        },\n        timestamp: (0, messages_1.createTimestamp)()\n      });\n    }\n    for (let i = 0, count = remainingSteps.length; i < count; i++) {\n      remainingSteps.pop();\n    }\n    cy.then(() => this.skip());\n  } else {\n    taskTestStepFinished(context, {\n      testStepId,\n      testCaseStartedId,\n      testStepResult,\n      timestamp: (0, messages_1.createTimestamp)()\n    });\n    remainingSteps.shift();\n  }\n};\nfor (const step of steps) {\n  if (step.hook) {\n    const hook = step.hook;\n    const testStepId = getTestStepId({\n      context,\n      pickleId: pickle.id,\n      hookIdOrPickleStepId: hook.id\n    });\n    cy.then(() => {\n      delete window.testState.pickleStep;\n      const start = (0, messages_1.createTimestamp)();\n      internalProperties.currentStepStartedAt = start;\n      taskTestStepStarted(context, {\n        testStepId,\n        testCaseStartedId,\n        timestamp: start\n      });\n      return cy.wrap(start, { log: false });\n    }).then((start) => {\n      const options = {\n        pickle,\n        gherkinDocument,\n        testCaseStartedId\n      };\n      return (0, cypress_1.runStepWithLogGroup)({\n        fn: dryRun ? noopFn : () => registry2.runCaseHook(this, hook, options),\n        keyword: hook.keyword,\n        text: createStepDescription(hook)\n      }).then(convertReturnValueToTestStepResultStatus).then((status) => {\n        return { start, status };\n      });\n    }).then(({ start, status }) => onAfterStep({\n      testStepResult: {\n        status,\n        duration: (0, messages_1.duration)(start, (0, messages_1.createTimestamp)())\n      },\n      testStepId\n    }));\n  } else if (step.pickleStep) {\n    const pickleStep = step.pickleStep;\n    const testStepId = getTestStepId({\n      context,\n      pickleId: pickle.id,\n      hookIdOrPickleStepId: pickleStep.id\n    });\n    const text = (0, assertions_1.ensure)(pickleStep.text, \"Expected pickle step to have a text\");\n    const scenarioStep = (0, assertions_1.ensure)(context.astIdsMap.get((0, assertions_1.ensure)((_a2 = pickleStep.astNodeIds) === null || _a2 === void 0 ? void 0 : _a2[0], \"Expected to find at least one astNodeId\")), `Expected to find scenario step associated with id = ${(_b2 = pickleStep.astNodeIds) === null || _b2 === void 0 ? void 0 : _b2[0]}`);\n    const argument = ((_c2 = pickleStep.argument) === null || _c2 === void 0 ? void 0 : _c2.dataTable) ? new data_table_1.default(pickleStep.argument.dataTable) : ((_e = (_d = pickleStep.argument) === null || _d === void 0 ? void 0 : _d.docString) === null || _e === void 0 ? void 0 : _e.content) ? pickleStep.argument.docString.content : void 0;\n    cy.then(() => {\n      window.testState.pickleStep = step.pickleStep;\n      const start = (0, messages_1.createTimestamp)();\n      internalProperties.currentStep = { pickleStep };\n      internalProperties.currentStepStartedAt = start;\n      taskTestStepStarted(context, {\n        testStepId,\n        testCaseStartedId,\n        timestamp: start\n      });\n      return cy.wrap(start, { log: false });\n    }).then((start) => {\n      const beforeStepHooks = registry2.resolveBeforeStepHooks(tags);\n      const afterStepHooks = registry2.resolveAfterStepHooks(tags);\n      const options = {\n        pickle,\n        pickleStep,\n        gherkinDocument,\n        testCaseStartedId,\n        testStepId\n      };\n      const beforeHooksChain = () => beforeStepHooks.reduce((chain, beforeStepHook) => {\n        return chain.then((results) => {\n          const start2 = (0, messages_1.createTimestamp)();\n          return (0, cypress_1.runStepWithLogGroup)({\n            keyword: \"BeforeStep\",\n            text: createStepDescription(beforeStepHook),\n            fn: dryRun ? noopFn : () => registry2.runStepHook(this, beforeStepHook, options)\n          }).then(convertReturnValueToTestStepResultStatus).then((status) => results.concat({\n            status,\n            duration: (0, messages_1.duration)(start2, (0, messages_1.createTimestamp)())\n          }));\n        });\n      }, cy.wrap([], { log: false }));\n      const afterStepHooksChain = () => afterStepHooks.reduce((chain, afterStepHook) => {\n        return chain.then((results) => {\n          const start2 = (0, messages_1.createTimestamp)();\n          return (0, cypress_1.runStepWithLogGroup)({\n            keyword: \"AfterStep\",\n            text: createStepDescription(afterStepHook),\n            fn: dryRun ? noopFn : () => registry2.runStepHook(this, afterStepHook, options)\n          }).then(convertReturnValueToTestStepResultStatus).then((status) => results.concat({\n            status,\n            duration: (0, messages_1.duration)(start2, (0, messages_1.createTimestamp)())\n          }));\n        });\n      }, cy.wrap([], {\n        log: false\n      }));\n      return beforeHooksChain().then((beforeStepHookResults) => {\n        return (0, cypress_1.runStepWithLogGroup)({\n          keyword: (0, assertions_1.ensure)(\"keyword\" in scenarioStep && scenarioStep.keyword, \"Expected to find a keyword in the scenario step\"),\n          argument,\n          text,\n          fn: () => {\n            var _a3, _b3;\n            try {\n              return registry2.runStepDefinition(this, text, dryRun, argument);\n            } catch (e) {\n              if (e instanceof registry_1.MissingDefinitionError || e instanceof registry_1.MultipleDefinitionsError) {\n                this.test._retries = this.test._currentRetry;\n              }\n              if (e instanceof registry_1.MissingDefinitionError) {\n                let parameterType = null;\n                if ((_a3 = pickleStep.argument) === null || _a3 === void 0 ? void 0 : _a3.dataTable) {\n                  parameterType = \"dataTable\";\n                } else if ((_b3 = pickleStep.argument) === null || _b3 === void 0 ? void 0 : _b3.docString) {\n                  parameterType = \"docString\";\n                }\n                const snippets = new cucumber_expressions_1.CucumberExpressionGenerator(() => context.registry.parameterTypeRegistry.parameterTypes).generateExpressions(pickleStep.text).map((expression) => (0, snippets_1.generateSnippet)(expression, (0, assertions_1.ensure)(pickleStep.type, \"Expected pickleStep to have a type\"), parameterType));\n                return taskSuggestion(context, {\n                  id: context.newId(),\n                  pickleStepId: pickleStep.id,\n                  snippets: snippets.map((code) => {\n                    return {\n                      language: \"javascript\",\n                      code\n                    };\n                  })\n                }).then(() => {\n                  throw new Error(createMissingStepDefinitionMessage(context, pickleStep, snippets));\n                });\n              } else {\n                throw e;\n              }\n            }\n          }\n        }).then(convertReturnValueToTestStepResultStatus).then((status) => {\n          const testStepResult = {\n            status,\n            duration: (0, messages_1.duration)(start, (0, messages_1.createTimestamp)())\n          };\n          return {\n            beforeStepHookResults,\n            testStepResult\n          };\n        });\n      }).then(({ beforeStepHookResults, testStepResult }) => {\n        return afterStepHooksChain().then((afterStepHookResults) => {\n          return messages.getWorstTestStepResult([\n            ...beforeStepHookResults,\n            testStepResult,\n            ...afterStepHookResults\n          ]);\n        });\n      });\n    }).then((testStepResult) => onAfterStep({ testStepResult, testStepId }));\n  }\n}",
              "err": {},
              "uuid": "64518e19-5138-4809-8d17-5117c14f1200",
              "parentUUID": "851355b2-868e-4b3b-b5b0-1259ec0bf958",
              "isHook": false,
              "skipped": false
            },
            {
              "title": "Portfolio form can be properly reset",
              "fullTitle": "Portfolio Management Portfolio form can be properly reset",
              "timedOut": null,
              "duration": 10172,
              "state": "passed",
              "speed": "slow",
              "pass": true,
              "fail": false,
              "pending": false,
              "context": "{\n  \"title\": \"cypress-mochawesome-reporter-videos-passed\",\n  \"value\": \"cypress\\\\e2e\\\\portfolio\\\\portfolio.feature\"\n}",
              "code": "var _a2, _b2, _c2, _d, _e;\n(0, assertions_1.assert)(context.includedPickles[0].id === pickle.id, \"Included pickle stack is unsynchronized\");\nconst { remainingSteps, testCaseStartedId } = retrieveInternalSpecProperties();\ntaskTestCaseStarted(context, {\n  id: testCaseStartedId,\n  testCaseId,\n  attempt: attempt++,\n  timestamp: (0, messages_1.createTimestamp)()\n});\nwindow.testState = {\n  gherkinDocument,\n  pickles,\n  pickle\n};\nconst onAfterStep = (options) => {\n  var _a3, _b3, _c3;\n  const { testStepId, testStepResult } = options;\n  const end = (0, messages_1.createTimestamp)();\n  if (testStepResult.status === messages.TestStepResultStatus.PENDING || testStepResult.status === messages.TestStepResultStatus.SKIPPED) {\n    taskTestStepFinished(context, {\n      testStepId,\n      testCaseStartedId,\n      testStepResult,\n      timestamp: end\n    });\n    remainingSteps.shift();\n    for (const skippedStep of remainingSteps) {\n      const hookIdOrPickleStepId = (0, assertions_1.ensure)((_b3 = (_a3 = skippedStep.hook) === null || _a3 === void 0 ? void 0 : _a3.id) !== null && _b3 !== void 0 ? _b3 : (_c3 = skippedStep.pickleStep) === null || _c3 === void 0 ? void 0 : _c3.id, \"Expected a step to either be a hook or a pickleStep\");\n      const testStepId2 = getTestStepId({\n        context,\n        pickleId: pickle.id,\n        hookIdOrPickleStepId\n      });\n      taskTestStepStarted(context, {\n        testStepId: testStepId2,\n        testCaseStartedId,\n        timestamp: (0, messages_1.createTimestamp)()\n      });\n      taskTestStepFinished(context, {\n        testStepId: testStepId2,\n        testCaseStartedId,\n        testStepResult: {\n          status: messages.TestStepResultStatus.SKIPPED,\n          duration: {\n            seconds: 0,\n            nanos: 0\n          }\n        },\n        timestamp: (0, messages_1.createTimestamp)()\n      });\n    }\n    for (let i = 0, count = remainingSteps.length; i < count; i++) {\n      remainingSteps.pop();\n    }\n    cy.then(() => this.skip());\n  } else {\n    taskTestStepFinished(context, {\n      testStepId,\n      testCaseStartedId,\n      testStepResult,\n      timestamp: (0, messages_1.createTimestamp)()\n    });\n    remainingSteps.shift();\n  }\n};\nfor (const step of steps) {\n  if (step.hook) {\n    const hook = step.hook;\n    const testStepId = getTestStepId({\n      context,\n      pickleId: pickle.id,\n      hookIdOrPickleStepId: hook.id\n    });\n    cy.then(() => {\n      delete window.testState.pickleStep;\n      const start = (0, messages_1.createTimestamp)();\n      internalProperties.currentStepStartedAt = start;\n      taskTestStepStarted(context, {\n        testStepId,\n        testCaseStartedId,\n        timestamp: start\n      });\n      return cy.wrap(start, { log: false });\n    }).then((start) => {\n      const options = {\n        pickle,\n        gherkinDocument,\n        testCaseStartedId\n      };\n      return (0, cypress_1.runStepWithLogGroup)({\n        fn: dryRun ? noopFn : () => registry2.runCaseHook(this, hook, options),\n        keyword: hook.keyword,\n        text: createStepDescription(hook)\n      }).then(convertReturnValueToTestStepResultStatus).then((status) => {\n        return { start, status };\n      });\n    }).then(({ start, status }) => onAfterStep({\n      testStepResult: {\n        status,\n        duration: (0, messages_1.duration)(start, (0, messages_1.createTimestamp)())\n      },\n      testStepId\n    }));\n  } else if (step.pickleStep) {\n    const pickleStep = step.pickleStep;\n    const testStepId = getTestStepId({\n      context,\n      pickleId: pickle.id,\n      hookIdOrPickleStepId: pickleStep.id\n    });\n    const text = (0, assertions_1.ensure)(pickleStep.text, \"Expected pickle step to have a text\");\n    const scenarioStep = (0, assertions_1.ensure)(context.astIdsMap.get((0, assertions_1.ensure)((_a2 = pickleStep.astNodeIds) === null || _a2 === void 0 ? void 0 : _a2[0], \"Expected to find at least one astNodeId\")), `Expected to find scenario step associated with id = ${(_b2 = pickleStep.astNodeIds) === null || _b2 === void 0 ? void 0 : _b2[0]}`);\n    const argument = ((_c2 = pickleStep.argument) === null || _c2 === void 0 ? void 0 : _c2.dataTable) ? new data_table_1.default(pickleStep.argument.dataTable) : ((_e = (_d = pickleStep.argument) === null || _d === void 0 ? void 0 : _d.docString) === null || _e === void 0 ? void 0 : _e.content) ? pickleStep.argument.docString.content : void 0;\n    cy.then(() => {\n      window.testState.pickleStep = step.pickleStep;\n      const start = (0, messages_1.createTimestamp)();\n      internalProperties.currentStep = { pickleStep };\n      internalProperties.currentStepStartedAt = start;\n      taskTestStepStarted(context, {\n        testStepId,\n        testCaseStartedId,\n        timestamp: start\n      });\n      return cy.wrap(start, { log: false });\n    }).then((start) => {\n      const beforeStepHooks = registry2.resolveBeforeStepHooks(tags);\n      const afterStepHooks = registry2.resolveAfterStepHooks(tags);\n      const options = {\n        pickle,\n        pickleStep,\n        gherkinDocument,\n        testCaseStartedId,\n        testStepId\n      };\n      const beforeHooksChain = () => beforeStepHooks.reduce((chain, beforeStepHook) => {\n        return chain.then((results) => {\n          const start2 = (0, messages_1.createTimestamp)();\n          return (0, cypress_1.runStepWithLogGroup)({\n            keyword: \"BeforeStep\",\n            text: createStepDescription(beforeStepHook),\n            fn: dryRun ? noopFn : () => registry2.runStepHook(this, beforeStepHook, options)\n          }).then(convertReturnValueToTestStepResultStatus).then((status) => results.concat({\n            status,\n            duration: (0, messages_1.duration)(start2, (0, messages_1.createTimestamp)())\n          }));\n        });\n      }, cy.wrap([], { log: false }));\n      const afterStepHooksChain = () => afterStepHooks.reduce((chain, afterStepHook) => {\n        return chain.then((results) => {\n          const start2 = (0, messages_1.createTimestamp)();\n          return (0, cypress_1.runStepWithLogGroup)({\n            keyword: \"AfterStep\",\n            text: createStepDescription(afterStepHook),\n            fn: dryRun ? noopFn : () => registry2.runStepHook(this, afterStepHook, options)\n          }).then(convertReturnValueToTestStepResultStatus).then((status) => results.concat({\n            status,\n            duration: (0, messages_1.duration)(start2, (0, messages_1.createTimestamp)())\n          }));\n        });\n      }, cy.wrap([], {\n        log: false\n      }));\n      return beforeHooksChain().then((beforeStepHookResults) => {\n        return (0, cypress_1.runStepWithLogGroup)({\n          keyword: (0, assertions_1.ensure)(\"keyword\" in scenarioStep && scenarioStep.keyword, \"Expected to find a keyword in the scenario step\"),\n          argument,\n          text,\n          fn: () => {\n            var _a3, _b3;\n            try {\n              return registry2.runStepDefinition(this, text, dryRun, argument);\n            } catch (e) {\n              if (e instanceof registry_1.MissingDefinitionError || e instanceof registry_1.MultipleDefinitionsError) {\n                this.test._retries = this.test._currentRetry;\n              }\n              if (e instanceof registry_1.MissingDefinitionError) {\n                let parameterType = null;\n                if ((_a3 = pickleStep.argument) === null || _a3 === void 0 ? void 0 : _a3.dataTable) {\n                  parameterType = \"dataTable\";\n                } else if ((_b3 = pickleStep.argument) === null || _b3 === void 0 ? void 0 : _b3.docString) {\n                  parameterType = \"docString\";\n                }\n                const snippets = new cucumber_expressions_1.CucumberExpressionGenerator(() => context.registry.parameterTypeRegistry.parameterTypes).generateExpressions(pickleStep.text).map((expression) => (0, snippets_1.generateSnippet)(expression, (0, assertions_1.ensure)(pickleStep.type, \"Expected pickleStep to have a type\"), parameterType));\n                return taskSuggestion(context, {\n                  id: context.newId(),\n                  pickleStepId: pickleStep.id,\n                  snippets: snippets.map((code) => {\n                    return {\n                      language: \"javascript\",\n                      code\n                    };\n                  })\n                }).then(() => {\n                  throw new Error(createMissingStepDefinitionMessage(context, pickleStep, snippets));\n                });\n              } else {\n                throw e;\n              }\n            }\n          }\n        }).then(convertReturnValueToTestStepResultStatus).then((status) => {\n          const testStepResult = {\n            status,\n            duration: (0, messages_1.duration)(start, (0, messages_1.createTimestamp)())\n          };\n          return {\n            beforeStepHookResults,\n            testStepResult\n          };\n        });\n      }).then(({ beforeStepHookResults, testStepResult }) => {\n        return afterStepHooksChain().then((afterStepHookResults) => {\n          return messages.getWorstTestStepResult([\n            ...beforeStepHookResults,\n            testStepResult,\n            ...afterStepHookResults\n          ]);\n        });\n      });\n    }).then((testStepResult) => onAfterStep({ testStepResult, testStepId }));\n  }\n}",
              "err": {},
              "uuid": "9b5487e6-fb37-45d9-96d3-24fa34c92e29",
              "parentUUID": "851355b2-868e-4b3b-b5b0-1259ec0bf958",
              "isHook": false,
              "skipped": false
            },
            {
              "title": "Create portfolio button is accessible and functional",
              "fullTitle": "Portfolio Management Create portfolio button is accessible and functional",
              "timedOut": null,
              "duration": 6365,
              "state": "passed",
              "speed": "medium",
              "pass": true,
              "fail": false,
              "pending": false,
              "context": "{\n  \"title\": \"cypress-mochawesome-reporter-videos-passed\",\n  \"value\": \"cypress\\\\e2e\\\\portfolio\\\\portfolio.feature\"\n}",
              "code": "var _a2, _b2, _c2, _d, _e;\n(0, assertions_1.assert)(context.includedPickles[0].id === pickle.id, \"Included pickle stack is unsynchronized\");\nconst { remainingSteps, testCaseStartedId } = retrieveInternalSpecProperties();\ntaskTestCaseStarted(context, {\n  id: testCaseStartedId,\n  testCaseId,\n  attempt: attempt++,\n  timestamp: (0, messages_1.createTimestamp)()\n});\nwindow.testState = {\n  gherkinDocument,\n  pickles,\n  pickle\n};\nconst onAfterStep = (options) => {\n  var _a3, _b3, _c3;\n  const { testStepId, testStepResult } = options;\n  const end = (0, messages_1.createTimestamp)();\n  if (testStepResult.status === messages.TestStepResultStatus.PENDING || testStepResult.status === messages.TestStepResultStatus.SKIPPED) {\n    taskTestStepFinished(context, {\n      testStepId,\n      testCaseStartedId,\n      testStepResult,\n      timestamp: end\n    });\n    remainingSteps.shift();\n    for (const skippedStep of remainingSteps) {\n      const hookIdOrPickleStepId = (0, assertions_1.ensure)((_b3 = (_a3 = skippedStep.hook) === null || _a3 === void 0 ? void 0 : _a3.id) !== null && _b3 !== void 0 ? _b3 : (_c3 = skippedStep.pickleStep) === null || _c3 === void 0 ? void 0 : _c3.id, \"Expected a step to either be a hook or a pickleStep\");\n      const testStepId2 = getTestStepId({\n        context,\n        pickleId: pickle.id,\n        hookIdOrPickleStepId\n      });\n      taskTestStepStarted(context, {\n        testStepId: testStepId2,\n        testCaseStartedId,\n        timestamp: (0, messages_1.createTimestamp)()\n      });\n      taskTestStepFinished(context, {\n        testStepId: testStepId2,\n        testCaseStartedId,\n        testStepResult: {\n          status: messages.TestStepResultStatus.SKIPPED,\n          duration: {\n            seconds: 0,\n            nanos: 0\n          }\n        },\n        timestamp: (0, messages_1.createTimestamp)()\n      });\n    }\n    for (let i = 0, count = remainingSteps.length; i < count; i++) {\n      remainingSteps.pop();\n    }\n    cy.then(() => this.skip());\n  } else {\n    taskTestStepFinished(context, {\n      testStepId,\n      testCaseStartedId,\n      testStepResult,\n      timestamp: (0, messages_1.createTimestamp)()\n    });\n    remainingSteps.shift();\n  }\n};\nfor (const step of steps) {\n  if (step.hook) {\n    const hook = step.hook;\n    const testStepId = getTestStepId({\n      context,\n      pickleId: pickle.id,\n      hookIdOrPickleStepId: hook.id\n    });\n    cy.then(() => {\n      delete window.testState.pickleStep;\n      const start = (0, messages_1.createTimestamp)();\n      internalProperties.currentStepStartedAt = start;\n      taskTestStepStarted(context, {\n        testStepId,\n        testCaseStartedId,\n        timestamp: start\n      });\n      return cy.wrap(start, { log: false });\n    }).then((start) => {\n      const options = {\n        pickle,\n        gherkinDocument,\n        testCaseStartedId\n      };\n      return (0, cypress_1.runStepWithLogGroup)({\n        fn: dryRun ? noopFn : () => registry2.runCaseHook(this, hook, options),\n        keyword: hook.keyword,\n        text: createStepDescription(hook)\n      }).then(convertReturnValueToTestStepResultStatus).then((status) => {\n        return { start, status };\n      });\n    }).then(({ start, status }) => onAfterStep({\n      testStepResult: {\n        status,\n        duration: (0, messages_1.duration)(start, (0, messages_1.createTimestamp)())\n      },\n      testStepId\n    }));\n  } else if (step.pickleStep) {\n    const pickleStep = step.pickleStep;\n    const testStepId = getTestStepId({\n      context,\n      pickleId: pickle.id,\n      hookIdOrPickleStepId: pickleStep.id\n    });\n    const text = (0, assertions_1.ensure)(pickleStep.text, \"Expected pickle step to have a text\");\n    const scenarioStep = (0, assertions_1.ensure)(context.astIdsMap.get((0, assertions_1.ensure)((_a2 = pickleStep.astNodeIds) === null || _a2 === void 0 ? void 0 : _a2[0], \"Expected to find at least one astNodeId\")), `Expected to find scenario step associated with id = ${(_b2 = pickleStep.astNodeIds) === null || _b2 === void 0 ? void 0 : _b2[0]}`);\n    const argument = ((_c2 = pickleStep.argument) === null || _c2 === void 0 ? void 0 : _c2.dataTable) ? new data_table_1.default(pickleStep.argument.dataTable) : ((_e = (_d = pickleStep.argument) === null || _d === void 0 ? void 0 : _d.docString) === null || _e === void 0 ? void 0 : _e.content) ? pickleStep.argument.docString.content : void 0;\n    cy.then(() => {\n      window.testState.pickleStep = step.pickleStep;\n      const start = (0, messages_1.createTimestamp)();\n      internalProperties.currentStep = { pickleStep };\n      internalProperties.currentStepStartedAt = start;\n      taskTestStepStarted(context, {\n        testStepId,\n        testCaseStartedId,\n        timestamp: start\n      });\n      return cy.wrap(start, { log: false });\n    }).then((start) => {\n      const beforeStepHooks = registry2.resolveBeforeStepHooks(tags);\n      const afterStepHooks = registry2.resolveAfterStepHooks(tags);\n      const options = {\n        pickle,\n        pickleStep,\n        gherkinDocument,\n        testCaseStartedId,\n        testStepId\n      };\n      const beforeHooksChain = () => beforeStepHooks.reduce((chain, beforeStepHook) => {\n        return chain.then((results) => {\n          const start2 = (0, messages_1.createTimestamp)();\n          return (0, cypress_1.runStepWithLogGroup)({\n            keyword: \"BeforeStep\",\n            text: createStepDescription(beforeStepHook),\n            fn: dryRun ? noopFn : () => registry2.runStepHook(this, beforeStepHook, options)\n          }).then(convertReturnValueToTestStepResultStatus).then((status) => results.concat({\n            status,\n            duration: (0, messages_1.duration)(start2, (0, messages_1.createTimestamp)())\n          }));\n        });\n      }, cy.wrap([], { log: false }));\n      const afterStepHooksChain = () => afterStepHooks.reduce((chain, afterStepHook) => {\n        return chain.then((results) => {\n          const start2 = (0, messages_1.createTimestamp)();\n          return (0, cypress_1.runStepWithLogGroup)({\n            keyword: \"AfterStep\",\n            text: createStepDescription(afterStepHook),\n            fn: dryRun ? noopFn : () => registry2.runStepHook(this, afterStepHook, options)\n          }).then(convertReturnValueToTestStepResultStatus).then((status) => results.concat({\n            status,\n            duration: (0, messages_1.duration)(start2, (0, messages_1.createTimestamp)())\n          }));\n        });\n      }, cy.wrap([], {\n        log: false\n      }));\n      return beforeHooksChain().then((beforeStepHookResults) => {\n        return (0, cypress_1.runStepWithLogGroup)({\n          keyword: (0, assertions_1.ensure)(\"keyword\" in scenarioStep && scenarioStep.keyword, \"Expected to find a keyword in the scenario step\"),\n          argument,\n          text,\n          fn: () => {\n            var _a3, _b3;\n            try {\n              return registry2.runStepDefinition(this, text, dryRun, argument);\n            } catch (e) {\n              if (e instanceof registry_1.MissingDefinitionError || e instanceof registry_1.MultipleDefinitionsError) {\n                this.test._retries = this.test._currentRetry;\n              }\n              if (e instanceof registry_1.MissingDefinitionError) {\n                let parameterType = null;\n                if ((_a3 = pickleStep.argument) === null || _a3 === void 0 ? void 0 : _a3.dataTable) {\n                  parameterType = \"dataTable\";\n                } else if ((_b3 = pickleStep.argument) === null || _b3 === void 0 ? void 0 : _b3.docString) {\n                  parameterType = \"docString\";\n                }\n                const snippets = new cucumber_expressions_1.CucumberExpressionGenerator(() => context.registry.parameterTypeRegistry.parameterTypes).generateExpressions(pickleStep.text).map((expression) => (0, snippets_1.generateSnippet)(expression, (0, assertions_1.ensure)(pickleStep.type, \"Expected pickleStep to have a type\"), parameterType));\n                return taskSuggestion(context, {\n                  id: context.newId(),\n                  pickleStepId: pickleStep.id,\n                  snippets: snippets.map((code) => {\n                    return {\n                      language: \"javascript\",\n                      code\n                    };\n                  })\n                }).then(() => {\n                  throw new Error(createMissingStepDefinitionMessage(context, pickleStep, snippets));\n                });\n              } else {\n                throw e;\n              }\n            }\n          }\n        }).then(convertReturnValueToTestStepResultStatus).then((status) => {\n          const testStepResult = {\n            status,\n            duration: (0, messages_1.duration)(start, (0, messages_1.createTimestamp)())\n          };\n          return {\n            beforeStepHookResults,\n            testStepResult\n          };\n        });\n      }).then(({ beforeStepHookResults, testStepResult }) => {\n        return afterStepHooksChain().then((afterStepHookResults) => {\n          return messages.getWorstTestStepResult([\n            ...beforeStepHookResults,\n            testStepResult,\n            ...afterStepHookResults\n          ]);\n        });\n      });\n    }).then((testStepResult) => onAfterStep({ testStepResult, testStepId }));\n  }\n}",
              "err": {},
              "uuid": "b6f85acf-d383-4ba3-87b7-332638034830",
              "parentUUID": "851355b2-868e-4b3b-b5b0-1259ec0bf958",
              "isHook": false,
              "skipped": false
            }
          ],
          "suites": [],
          "passes": [
            "2506efc2-50a7-48ad-9b45-d6a9dc7d3b3a",
            "a2e69120-5c81-452c-bc6a-1bd708b4889a",
            "0644d16f-2dbc-4e8b-a5f4-c28286790746",
            "64518e19-5138-4809-8d17-5117c14f1200",
            "9b5487e6-fb37-45d9-96d3-24fa34c92e29",
            "b6f85acf-d383-4ba3-87b7-332638034830"
          ],
          "failures": [
            "49840782-8a10-4c40-ad52-2c9d7d46fe88"
          ],
          "pending": [],
          "skipped": [],
          "duration": 59721,
          "root": false,
          "rootEmpty": false,
          "_timeout": 2000
        }
      ],
      "passes": [],
      "failures": [],
      "pending": [],
      "skipped": [],
      "duration": 0,
      "root": true,
      "rootEmpty": true,
      "_timeout": 2000
    }
  ],
  "meta": {
    "mocha": {
      "version": "7.0.1"
    },
    "mochawesome": {
      "options": {
        "quiet": false,
        "reportFilename": "[datetime]-beautiful-report",
        "saveHtml": false,
        "saveJson": true,
        "consoleReporter": "spec",
        "useInlineDiffs": false,
        "code": true
      },
      "version": "7.1.4"
    },
    "marge": {
      "options": {
        "charts": true,
        "reportPageTitle": "DevX Hackathon Automation",
        "embeddedScreenshots": true,
        "inlineAssets": true,
        "saveAllAttempts": false,
        "reportDir": "cypress\\reports\\.jsons",
        "reportFilename": "[datetime]-beautiful-report",
        "timestamp": "isoDateTime",
        "videoOnFailOnly": false,
        "showPassed": true,
        "showFailed": true,
        "showPending": true,
        "showSkipped": false,
        "enableCode": true,
        "enableCharts": true,
        "autoOpen": false,
        "overwrite": false,
        "json": true,
        "html": false
      },
      "version": "6.3.2"
    }
  }
}